<?xml version="1.0" encoding="UTF-8"?>
<!-- Generated by org.testng.reporters.JUnitReportReporter -->
<testsuite skipped="0" hostname="SandeepRaulo-PC" name="test.Earphones" tests="1" failures="0" timestamp="17 Apr 2018 16:30:35 GMT" time="45.157" errors="0">
  <testcase name="purchaseEarphones" time="45.157" classname="test.Earphones"/>
</testsuite> <!-- test.Earphones -->
